\BOOKMARK [0][-]{chapter.1}{\376\377\0001\000\040\000A\000u\000t\000o\000n\000o\000m\000o\000u\000s\000\040\000R\000o\000b\000o\000t\000\040\000N\000a\000v\000i\000g\000a\000t\000i\000o\000n\000\040\000F\000i\000r\000m\000w\000a\000r\000e}{}% 1
\BOOKMARK [1][-]{section.1.1}{\376\377\0001\000.\0001\000\040\000F\000e\000a\000t\000u\000r\000e\000s}{chapter.1}% 2
\BOOKMARK [1][-]{section.1.2}{\376\377\0001\000.\0002\000\040\000C\000o\000m\000p\000o\000n\000e\000n\000t\000s}{chapter.1}% 3
\BOOKMARK [1][-]{section.1.3}{\376\377\0001\000.\0003\000\040\000S\000e\000t\000u\000p}{chapter.1}% 4
\BOOKMARK [1][-]{section.1.4}{\376\377\0001\000.\0004\000\040\000U\000s\000a\000g\000e}{chapter.1}% 5
\BOOKMARK [1][-]{section.1.5}{\376\377\0001\000.\0005\000\040\000N\000o\000t\000e}{chapter.1}% 6
\BOOKMARK [0][-]{chapter.2}{\376\377\0002\000\040\000T\000o\000p\000i\000c\000\040\000I\000n\000d\000e\000x}{}% 7
\BOOKMARK [1][-]{section.2.1}{\376\377\0002\000.\0001\000\040\000T\000o\000p\000i\000c\000s}{chapter.2}% 8
\BOOKMARK [0][-]{chapter.3}{\376\377\0003\000\040\000C\000l\000a\000s\000s\000\040\000I\000n\000d\000e\000x}{}% 9
\BOOKMARK [1][-]{section.3.1}{\376\377\0003\000.\0001\000\040\000C\000l\000a\000s\000s\000\040\000L\000i\000s\000t}{chapter.3}% 10
\BOOKMARK [0][-]{chapter.4}{\376\377\0004\000\040\000F\000i\000l\000e\000\040\000I\000n\000d\000e\000x}{}% 11
\BOOKMARK [1][-]{section.4.1}{\376\377\0004\000.\0001\000\040\000F\000i\000l\000e\000\040\000L\000i\000s\000t}{chapter.4}% 12
\BOOKMARK [0][-]{chapter.5}{\376\377\0005\000\040\000T\000o\000p\000i\000c\000\040\000D\000o\000c\000u\000m\000e\000n\000t\000a\000t\000i\000o\000n}{}% 13
\BOOKMARK [1][-]{section.5.1}{\376\377\0005\000.\0001\000\040\000S\000e\000r\000i\000a\000l\000\040\000C\000o\000m\000m\000u\000n\000i\000c\000a\000t\000i\000o\000n}{chapter.5}% 14
\BOOKMARK [2][-]{subsection.5.1.1}{\376\377\0005\000.\0001\000.\0001\000\040\000D\000e\000t\000a\000i\000l\000e\000d\000\040\000D\000e\000s\000c\000r\000i\000p\000t\000i\000o\000n}{section.5.1}% 15
\BOOKMARK [2][-]{subsection.5.1.2}{\376\377\0005\000.\0001\000.\0002\000\040\000F\000u\000n\000c\000t\000i\000o\000n\000\040\000D\000o\000c\000u\000m\000e\000n\000t\000a\000t\000i\000o\000n}{section.5.1}% 16
\BOOKMARK [3][-]{subsubsection.5.1.2.1}{\376\377\0005\000.\0001\000.\0002\000.\0001\000\040\000p\000a\000r\000s\000e\000D\000a\000t\000a\000P\000I\000D\000\050\000\051}{subsection.5.1.2}% 17
\BOOKMARK [3][-]{subsubsection.5.1.2.2}{\376\377\0005\000.\0001\000.\0002\000.\0002\000\040\000r\000e\000c\000v\000W\000i\000t\000h\000S\000t\000a\000r\000t\000E\000n\000d\000M\000a\000r\000k\000e\000r\000s\000\050\000\051}{subsection.5.1.2}% 18
\BOOKMARK [2][-]{subsection.5.1.3}{\376\377\0005\000.\0001\000.\0003\000\040\000V\000a\000r\000i\000a\000b\000l\000e\000\040\000D\000o\000c\000u\000m\000e\000n\000t\000a\000t\000i\000o\000n}{section.5.1}% 19
\BOOKMARK [3][-]{subsubsection.5.1.3.1}{\376\377\0005\000.\0001\000.\0003\000.\0001\000\040\000d\000a\000t\000a\000R\000X}{subsection.5.1.3}% 20
\BOOKMARK [3][-]{subsubsection.5.1.3.2}{\376\377\0005\000.\0001\000.\0003\000.\0002\000\040\000n\000e\000w\000D\000a\000t\000a}{subsection.5.1.3}% 21
\BOOKMARK [3][-]{subsubsection.5.1.3.3}{\376\377\0005\000.\0001\000.\0003\000.\0003\000\040\000n\000u\000m\000C\000h\000a\000r\000s}{subsection.5.1.3}% 22
\BOOKMARK [3][-]{subsubsection.5.1.3.4}{\376\377\0005\000.\0001\000.\0003\000.\0004\000\040\000p\000r\000e\000v\000R\000e\000s\000e\000t\000E\000n\000c}{subsection.5.1.3}% 23
\BOOKMARK [3][-]{subsubsection.5.1.3.5}{\376\377\0005\000.\0001\000.\0003\000.\0005\000\040\000r\000e\000c\000e\000i\000v\000e\000d\000C\000h\000a\000r\000s}{subsection.5.1.3}% 24
\BOOKMARK [3][-]{subsubsection.5.1.3.6}{\376\377\0005\000.\0001\000.\0003\000.\0006\000\040\000t\000e\000m\000p\000C\000h\000a\000r\000s}{subsection.5.1.3}% 25
\BOOKMARK [1][-]{section.5.2}{\376\377\0005\000.\0002\000\040\000V\000e\000h\000i\000c\000l\000e}{chapter.5}% 26
\BOOKMARK [2][-]{subsection.5.2.1}{\376\377\0005\000.\0002\000.\0001\000\040\000D\000e\000t\000a\000i\000l\000e\000d\000\040\000D\000e\000s\000c\000r\000i\000p\000t\000i\000o\000n}{section.5.2}% 27
\BOOKMARK [2][-]{subsection.5.2.2}{\376\377\0005\000.\0002\000.\0002\000\040\000F\000u\000n\000c\000t\000i\000o\000n\000\040\000D\000o\000c\000u\000m\000e\000n\000t\000a\000t\000i\000o\000n}{section.5.2}% 28
\BOOKMARK [3][-]{subsubsection.5.2.2.1}{\376\377\0005\000.\0002\000.\0002\000.\0001\000\040\000d\000r\000i\000v\000e\000\050\000\051}{subsection.5.2.2}% 29
\BOOKMARK [2][-]{subsection.5.2.3}{\376\377\0005\000.\0002\000.\0003\000\040\000V\000a\000r\000i\000a\000b\000l\000e\000\040\000D\000o\000c\000u\000m\000e\000n\000t\000a\000t\000i\000o\000n}{section.5.2}% 30
\BOOKMARK [3][-]{subsubsection.5.2.3.1}{\376\377\0005\000.\0002\000.\0003\000.\0001\000\040\000H\000A\000L\000F\000\137\000V\000E\000H\000I\000C\000L\000E\000\137\000W\000I\000D\000T\000H}{subsection.5.2.3}% 31
\BOOKMARK [3][-]{subsubsection.5.2.3.2}{\376\377\0005\000.\0002\000.\0003\000.\0002\000\040\000M\000A\000X\000\137\000P\000W\000M}{subsection.5.2.3}% 32
\BOOKMARK [3][-]{subsubsection.5.2.3.3}{\376\377\0005\000.\0002\000.\0003\000.\0003\000\040\000M\000A\000X\000\137\000S\000P\000E\000E\000D}{subsection.5.2.3}% 33
\BOOKMARK [3][-]{subsubsection.5.2.3.4}{\376\377\0005\000.\0002\000.\0003\000.\0004\000\040\000M\000I\000N\000\137\000S\000P\000E\000E\000D}{subsection.5.2.3}% 34
\BOOKMARK [3][-]{subsubsection.5.2.3.5}{\376\377\0005\000.\0002\000.\0003\000.\0005\000\040\000W\000H\000E\000E\000L\000\137\000R\000A\000T\000I\000O}{subsection.5.2.3}% 35
\BOOKMARK [3][-]{subsubsection.5.2.3.6}{\376\377\0005\000.\0002\000.\0003\000.\0006\000\040\000W\000H\000E\000E\000L\000B\000A\000S\000E}{subsection.5.2.3}% 36
\BOOKMARK [1][-]{section.5.3}{\376\377\0005\000.\0003\000\040\000O\000d\000o\000m\000e\000t\000r\000y\000\040\000C\000a\000l\000c\000u\000l\000a\000t\000i\000o\000n\000s}{chapter.5}% 37
\BOOKMARK [2][-]{subsection.5.3.1}{\376\377\0005\000.\0003\000.\0001\000\040\000D\000e\000t\000a\000i\000l\000e\000d\000\040\000D\000e\000s\000c\000r\000i\000p\000t\000i\000o\000n}{section.5.3}% 38
\BOOKMARK [2][-]{subsection.5.3.2}{\376\377\0005\000.\0003\000.\0002\000\040\000F\000u\000n\000c\000t\000i\000o\000n\000\040\000D\000o\000c\000u\000m\000e\000n\000t\000a\000t\000i\000o\000n}{section.5.3}% 39
\BOOKMARK [3][-]{subsubsection.5.3.2.1}{\376\377\0005\000.\0003\000.\0002\000.\0001\000\040\000b\000o\000u\000n\000d\000A\000n\000g\000l\000e\000\050\000\051}{subsection.5.3.2}% 40
\BOOKMARK [3][-]{subsubsection.5.3.2.2}{\376\377\0005\000.\0003\000.\0002\000.\0002\000\040\000r\000e\000a\000d\000E\000n\000c\000o\000d\000e\000r\000L\000\050\000\051}{subsection.5.3.2}% 41
\BOOKMARK [3][-]{subsubsection.5.3.2.3}{\376\377\0005\000.\0003\000.\0002\000.\0003\000\040\000r\000e\000a\000d\000E\000n\000c\000o\000d\000e\000r\000R\000\050\000\051}{subsection.5.3.2}% 42
\BOOKMARK [3][-]{subsubsection.5.3.2.4}{\376\377\0005\000.\0003\000.\0002\000.\0004\000\040\000s\000e\000n\000d\000O\000d\000o\000m\000e\000t\000r\000y\000\050\000\051}{subsection.5.3.2}% 43
\BOOKMARK [3][-]{subsubsection.5.3.2.5}{\376\377\0005\000.\0003\000.\0002\000.\0005\000\040\000u\000p\000d\000a\000t\000e\000O\000d\000o\000m\000e\000t\000r\000y\000\050\000\051}{subsection.5.3.2}% 44
\BOOKMARK [2][-]{subsection.5.3.3}{\376\377\0005\000.\0003\000.\0003\000\040\000V\000a\000r\000i\000a\000b\000l\000e\000\040\000D\000o\000c\000u\000m\000e\000n\000t\000a\000t\000i\000o\000n}{section.5.3}% 45
\BOOKMARK [3][-]{subsubsection.5.3.3.1}{\376\377\0005\000.\0003\000.\0003\000.\0001\000\040\000c\000u\000r\000r\000e\000n\000t\000\137\000L}{subsection.5.3.3}% 46
\BOOKMARK [3][-]{subsubsection.5.3.3.2}{\376\377\0005\000.\0003\000.\0003\000.\0002\000\040\000c\000u\000r\000r\000e\000n\000t\000\137\000R}{subsection.5.3.3}% 47
\BOOKMARK [3][-]{subsubsection.5.3.3.3}{\376\377\0005\000.\0003\000.\0003\000.\0003\000\040\000c\000u\000r\000r\000e\000n\000t\000T\000i\000m\000e}{subsection.5.3.3}% 48
\BOOKMARK [3][-]{subsubsection.5.3.3.4}{\376\377\0005\000.\0003\000.\0003\000.\0004\000\040\000c\000u\000r\000r\000P\000o\000s}{subsection.5.3.3}% 49
\BOOKMARK [3][-]{subsubsection.5.3.3.5}{\376\377\0005\000.\0003\000.\0003\000.\0005\000\040\000d\000e\000l\000t\000a\000H\000e\000a\000d\000i\000n\000g}{subsection.5.3.3}% 50
\BOOKMARK [3][-]{subsubsection.5.3.3.6}{\376\377\0005\000.\0003\000.\0003\000.\0006\000\040\000d\000i\000s\000t}{subsection.5.3.3}% 51
\BOOKMARK [3][-]{subsubsection.5.3.3.7}{\376\377\0005\000.\0003\000.\0003\000.\0007\000\040\000d\000P\000o\000s}{subsection.5.3.3}% 52
\BOOKMARK [3][-]{subsubsection.5.3.3.8}{\376\377\0005\000.\0003\000.\0003\000.\0008\000\040\000d\000x}{subsection.5.3.3}% 53
\BOOKMARK [3][-]{subsubsection.5.3.3.9}{\376\377\0005\000.\0003\000.\0003\000.\0009\000\040\000d\000y}{subsection.5.3.3}% 54
\BOOKMARK [3][-]{subsubsection.5.3.3.10}{\376\377\0005\000.\0003\000.\0003\000.\0001\0000\000\040\000e\000n\000c\000o\000d\000e\000r\000P\000o\000s\000i\000t\000i\000o\000n}{subsection.5.3.3}% 55
\BOOKMARK [3][-]{subsubsection.5.3.3.11}{\376\377\0005\000.\0003\000.\0003\000.\0001\0001\000\040\000h\000e\000a\000d\000i\000n\000g}{subsection.5.3.3}% 56
\BOOKMARK [3][-]{subsubsection.5.3.3.12}{\376\377\0005\000.\0003\000.\0003\000.\0001\0002\000\040\000h\000e\000a\000d\000i\000n\000g\000V\000e\000c}{subsection.5.3.3}% 57
\BOOKMARK [3][-]{subsubsection.5.3.3.13}{\376\377\0005\000.\0003\000.\0003\000.\0001\0003\000\040\000l\000e\000f\000t\000D\000e\000l\000t\000a}{subsection.5.3.3}% 58
\BOOKMARK [3][-]{subsubsection.5.3.3.14}{\376\377\0005\000.\0003\000.\0003\000.\0001\0004\000\040\000n\000e\000w\000H\000e\000a\000d\000i\000n\000g}{subsection.5.3.3}% 59
\BOOKMARK [3][-]{subsubsection.5.3.3.15}{\376\377\0005\000.\0003\000.\0003\000.\0001\0005\000\040\000n\000e\000w\000P\000o\000s}{subsection.5.3.3}% 60
\BOOKMARK [3][-]{subsubsection.5.3.3.16}{\376\377\0005\000.\0003\000.\0003\000.\0001\0006\000\040\000n\000e\000w\000X}{subsection.5.3.3}% 61
\BOOKMARK [3][-]{subsubsection.5.3.3.17}{\376\377\0005\000.\0003\000.\0003\000.\0001\0007\000\040\000n\000e\000w\000Y}{subsection.5.3.3}% 62
\BOOKMARK [3][-]{subsubsection.5.3.3.18}{\376\377\0005\000.\0003\000.\0003\000.\0001\0008\000\040\000p\000r\000e\000v\000\137\000V\000e\000l\000\137\000L}{subsection.5.3.3}% 63
\BOOKMARK [3][-]{subsubsection.5.3.3.19}{\376\377\0005\000.\0003\000.\0003\000.\0001\0009\000\040\000p\000r\000e\000v\000\137\000V\000e\000l\000\137\000R}{subsection.5.3.3}% 64
\BOOKMARK [3][-]{subsubsection.5.3.3.20}{\376\377\0005\000.\0003\000.\0003\000.\0002\0000\000\040\000p\000r\000e\000v\000L\000e\000f\000t}{subsection.5.3.3}% 65
\BOOKMARK [3][-]{subsubsection.5.3.3.21}{\376\377\0005\000.\0003\000.\0003\000.\0002\0001\000\040\000p\000r\000e\000v\000R\000i\000g\000h\000t}{subsection.5.3.3}% 66
\BOOKMARK [3][-]{subsubsection.5.3.3.22}{\376\377\0005\000.\0003\000.\0003\000.\0002\0002\000\040\000p\000r\000e\000v\000T\000i\000m\000e}{subsection.5.3.3}% 67
\BOOKMARK [3][-]{subsubsection.5.3.3.23}{\376\377\0005\000.\0003\000.\0003\000.\0002\0003\000\040\000r\000i\000g\000h\000t\000D\000e\000l\000t\000a}{subsection.5.3.3}% 68
\BOOKMARK [3][-]{subsubsection.5.3.3.24}{\376\377\0005\000.\0003\000.\0003\000.\0002\0004\000\040\000t\000a\000r\000g\000P\000o\000s}{subsection.5.3.3}% 69
\BOOKMARK [3][-]{subsubsection.5.3.3.25}{\376\377\0005\000.\0003\000.\0003\000.\0002\0005\000\040\000t\000a\000r\000g\000V\000e\000l}{subsection.5.3.3}% 70
\BOOKMARK [3][-]{subsubsection.5.3.3.26}{\376\377\0005\000.\0003\000.\0003\000.\0002\0006\000\040\000x\000\040\000[\0001\000/\0002\000]}{subsection.5.3.3}% 71
\BOOKMARK [3][-]{subsubsection.5.3.3.27}{\376\377\0005\000.\0003\000.\0003\000.\0002\0007\000\040\000x\000\040\000[\0002\000/\0002\000]}{subsection.5.3.3}% 72
\BOOKMARK [3][-]{subsubsection.5.3.3.28}{\376\377\0005\000.\0003\000.\0003\000.\0002\0008\000\040\000y\000\040\000[\0001\000/\0002\000]}{subsection.5.3.3}% 73
\BOOKMARK [3][-]{subsubsection.5.3.3.29}{\376\377\0005\000.\0003\000.\0003\000.\0002\0009\000\040\000y\000\040\000[\0002\000/\0002\000]}{subsection.5.3.3}% 74
\BOOKMARK [1][-]{section.5.4}{\376\377\0005\000.\0004\000\040\000P\000I\000D\000\040\000C\000o\000n\000t\000r\000o\000l\000l\000e\000r}{chapter.5}% 75
\BOOKMARK [2][-]{subsection.5.4.1}{\376\377\0005\000.\0004\000.\0001\000\040\000D\000e\000t\000a\000i\000l\000e\000d\000\040\000D\000e\000s\000c\000r\000i\000p\000t\000i\000o\000n}{section.5.4}% 76
\BOOKMARK [2][-]{subsection.5.4.2}{\376\377\0005\000.\0004\000.\0002\000\040\000F\000u\000n\000c\000t\000i\000o\000n\000\040\000D\000o\000c\000u\000m\000e\000n\000t\000a\000t\000i\000o\000n}{section.5.4}% 77
\BOOKMARK [3][-]{subsubsection.5.4.2.1}{\376\377\0005\000.\0004\000.\0002\000.\0001\000\040\000c\000l\000a\000m\000p\000S\000p\000e\000e\000d\000\050\000\051}{subsection.5.4.2}% 78
\BOOKMARK [3][-]{subsubsection.5.4.2.2}{\376\377\0005\000.\0004\000.\0002\000.\0002\000\040\000l\000o\000o\000k\000u\000p\000F\000F\000\050\000\051}{subsection.5.4.2}% 79
\BOOKMARK [3][-]{subsubsection.5.4.2.3}{\376\377\0005\000.\0004\000.\0002\000.\0003\000\040\000l\000o\000w\000P\000a\000s\000s\000F\000i\000l\000t\000e\000r\000\050\000\051}{subsection.5.4.2}% 80
\BOOKMARK [3][-]{subsubsection.5.4.2.4}{\376\377\0005\000.\0004\000.\0002\000.\0004\000\040\000P\000I\000D\000\050\000\051}{subsection.5.4.2}% 81
\BOOKMARK [3][-]{subsubsection.5.4.2.5}{\376\377\0005\000.\0004\000.\0002\000.\0005\000\040\000p\000r\000i\000n\000t\000P\000I\000D\000\050\000\051}{subsection.5.4.2}% 82
\BOOKMARK [3][-]{subsubsection.5.4.2.6}{\376\377\0005\000.\0004\000.\0002\000.\0006\000\040\000p\000r\000i\000n\000t\000V\000e\000l\000\050\000\051}{subsection.5.4.2}% 83
\BOOKMARK [2][-]{subsection.5.4.3}{\376\377\0005\000.\0004\000.\0003\000\040\000V\000a\000r\000i\000a\000b\000l\000e\000\040\000D\000o\000c\000u\000m\000e\000n\000t\000a\000t\000i\000o\000n}{section.5.4}% 84
\BOOKMARK [3][-]{subsubsection.5.4.3.1}{\376\377\0005\000.\0004\000.\0003\000.\0001\000\040\000b\000i\000a\000s}{subsection.5.4.3}% 85
\BOOKMARK [3][-]{subsubsection.5.4.3.2}{\376\377\0005\000.\0004\000.\0003\000.\0002\000\040\000c\000u\000r\000r\000T\000i\000m\000e\000P\000I\000D}{subsection.5.4.3}% 86
\BOOKMARK [3][-]{subsubsection.5.4.3.3}{\376\377\0005\000.\0004\000.\0003\000.\0003\000\040\000D\000E\000S\000T\000\137\000T\000H\000R\000E\000S\000H\000O\000L\000D}{subsection.5.4.3}% 87
\BOOKMARK [3][-]{subsubsection.5.4.3.4}{\376\377\0005\000.\0004\000.\0003\000.\0004\000\040\000d\000r\000i\000v\000e\000D\000a\000t\000a}{subsection.5.4.3}% 88
\BOOKMARK [3][-]{subsubsection.5.4.3.5}{\376\377\0005\000.\0004\000.\0003\000.\0005\000\040\000d\000t}{subsection.5.4.3}% 89
\BOOKMARK [3][-]{subsubsection.5.4.3.6}{\376\377\0005\000.\0004\000.\0003\000.\0006\000\040\000e\000\137\000p\000r\000e\000v\000\137\000L}{subsection.5.4.3}% 90
\BOOKMARK [3][-]{subsubsection.5.4.3.7}{\376\377\0005\000.\0004\000.\0003\000.\0007\000\040\000e\000\137\000p\000r\000e\000v\000\137\000R}{subsection.5.4.3}% 91
\BOOKMARK [3][-]{subsubsection.5.4.3.8}{\376\377\0005\000.\0004\000.\0003\000.\0008\000\040\000i\000n\000t\000e\000g\000r\000a\000l\000\137\000L}{subsection.5.4.3}% 92
\BOOKMARK [3][-]{subsubsection.5.4.3.9}{\376\377\0005\000.\0004\000.\0003\000.\0009\000\040\000i\000n\000t\000e\000g\000r\000a\000l\000\137\000R}{subsection.5.4.3}% 93
\BOOKMARK [3][-]{subsubsection.5.4.3.10}{\376\377\0005\000.\0004\000.\0003\000.\0001\0000\000\040\000K\000d}{subsection.5.4.3}% 94
\BOOKMARK [3][-]{subsubsection.5.4.3.11}{\376\377\0005\000.\0004\000.\0003\000.\0001\0001\000\040\000K\000i}{subsection.5.4.3}% 95
\BOOKMARK [3][-]{subsubsection.5.4.3.12}{\376\377\0005\000.\0004\000.\0003\000.\0001\0002\000\040\000K\000p}{subsection.5.4.3}% 96
\BOOKMARK [3][-]{subsubsection.5.4.3.13}{\376\377\0005\000.\0004\000.\0003\000.\0001\0003\000\040\000l\000u\000t}{subsection.5.4.3}% 97
\BOOKMARK [3][-]{subsubsection.5.4.3.14}{\376\377\0005\000.\0004\000.\0003\000.\0001\0004\000\040\000o\000u\000t\000p\000u\000t\000\137\000L}{subsection.5.4.3}% 98
\BOOKMARK [3][-]{subsubsection.5.4.3.15}{\376\377\0005\000.\0004\000.\0003\000.\0001\0005\000\040\000o\000u\000t\000p\000u\000t\000\137\000R}{subsection.5.4.3}% 99
\BOOKMARK [3][-]{subsubsection.5.4.3.16}{\376\377\0005\000.\0004\000.\0003\000.\0001\0006\000\040\000P\000I\000D\000\137\000T\000I\000M\000E}{subsection.5.4.3}% 100
\BOOKMARK [3][-]{subsubsection.5.4.3.17}{\376\377\0005\000.\0004\000.\0003\000.\0001\0007\000\040\000p\000r\000e\000v\000\137\000L}{subsection.5.4.3}% 101
\BOOKMARK [3][-]{subsubsection.5.4.3.18}{\376\377\0005\000.\0004\000.\0003\000.\0001\0008\000\040\000p\000r\000e\000v\000\137\000R}{subsection.5.4.3}% 102
\BOOKMARK [3][-]{subsubsection.5.4.3.19}{\376\377\0005\000.\0004\000.\0003\000.\0001\0009\000\040\000p\000r\000e\000v\000T\000i\000m\000e\000P\000I\000D}{subsection.5.4.3}% 103
\BOOKMARK [3][-]{subsubsection.5.4.3.20}{\376\377\0005\000.\0004\000.\0003\000.\0002\0000\000\040\000S\000E\000T\000P\000O\000I\000N\000T\000\137\000A\000L\000P\000H\000A}{subsection.5.4.3}% 104
\BOOKMARK [3][-]{subsubsection.5.4.3.21}{\376\377\0005\000.\0004\000.\0003\000.\0002\0001\000\040\000V\000E\000L\000O\000C\000I\000T\000Y\000\137\000A\000L\000P\000H\000A}{subsection.5.4.3}% 105
\BOOKMARK [1][-]{section.5.5}{\376\377\0005\000.\0005\000\040\000C\000i\000r\000c\000l\000e\000\040\000T\000r\000a\000c\000k\000i\000n\000g}{chapter.5}% 106
\BOOKMARK [2][-]{subsection.5.5.1}{\376\377\0005\000.\0005\000.\0001\000\040\000D\000e\000t\000a\000i\000l\000e\000d\000\040\000D\000e\000s\000c\000r\000i\000p\000t\000i\000o\000n}{section.5.5}% 107
\BOOKMARK [2][-]{subsection.5.5.2}{\376\377\0005\000.\0005\000.\0002\000\040\000F\000u\000n\000c\000t\000i\000o\000n\000\040\000D\000o\000c\000u\000m\000e\000n\000t\000a\000t\000i\000o\000n}{section.5.5}% 108
\BOOKMARK [3][-]{subsubsection.5.5.2.1}{\376\377\0005\000.\0005\000.\0002\000.\0001\000\040\000c\000i\000r\000c\000l\000e\000\137\000t\000r\000a\000c\000k\000\050\000\051}{subsection.5.5.2}% 109
\BOOKMARK [3][-]{subsubsection.5.5.2.2}{\376\377\0005\000.\0005\000.\0002\000.\0002\000\040\000s\000e\000n\000d\000V\000e\000c\000s\000\050\000\051}{subsection.5.5.2}% 110
\BOOKMARK [2][-]{subsection.5.5.3}{\376\377\0005\000.\0005\000.\0003\000\040\000V\000a\000r\000i\000a\000b\000l\000e\000\040\000D\000o\000c\000u\000m\000e\000n\000t\000a\000t\000i\000o\000n}{section.5.5}% 111
\BOOKMARK [3][-]{subsubsection.5.5.3.1}{\376\377\0005\000.\0005\000.\0003\000.\0001\000\040\000A\000V\000E\000R\000A\000G\000E\000\137\000T\000A\000R\000G\000E\000T\000\137\000V\000E\000L\000O\000C\000I\000T\000Y}{subsection.5.5.3}% 112
\BOOKMARK [3][-]{subsubsection.5.5.3.2}{\376\377\0005\000.\0005\000.\0003\000.\0002\000\040\000C\000I\000R\000C\000L\000E\000\137\000L\000O\000O\000P\000S}{subsection.5.5.3}% 113
\BOOKMARK [3][-]{subsubsection.5.5.3.3}{\376\377\0005\000.\0005\000.\0003\000.\0003\000\040\000C\000I\000R\000C\000L\000E\000\137\000T\000I\000M\000E}{subsection.5.5.3}% 114
\BOOKMARK [3][-]{subsubsection.5.5.3.4}{\376\377\0005\000.\0005\000.\0003\000.\0004\000\040\000d\000e\000s\000\137\000L}{subsection.5.5.3}% 115
\BOOKMARK [3][-]{subsubsection.5.5.3.5}{\376\377\0005\000.\0005\000.\0003\000.\0005\000\040\000d\000e\000s\000\137\000R}{subsection.5.5.3}% 116
\BOOKMARK [3][-]{subsubsection.5.5.3.6}{\376\377\0005\000.\0005\000.\0003\000.\0006\000\040\000d\000t\000C\000i\000r\000c\000l\000e}{subsection.5.5.3}% 117
\BOOKMARK [3][-]{subsubsection.5.5.3.7}{\376\377\0005\000.\0005\000.\0003\000.\0007\000\040\000l\000o\000o\000p\000\137\000n\000o}{subsection.5.5.3}% 118
\BOOKMARK [3][-]{subsubsection.5.5.3.8}{\376\377\0005\000.\0005\000.\0003\000.\0008\000\040\000p\000r\000e\000v\000C\000i\000r\000c\000l\000e\000T\000i\000m\000e}{subsection.5.5.3}% 119
\BOOKMARK [0][-]{chapter.6}{\376\377\0006\000\040\000C\000l\000a\000s\000s\000\040\000D\000o\000c\000u\000m\000e\000n\000t\000a\000t\000i\000o\000n}{}% 120
\BOOKMARK [1][-]{section.6.1}{\376\377\0006\000.\0001\000\040\000m\000o\000t\000o\000r\000\040\000S\000t\000r\000u\000c\000t\000\040\000R\000e\000f\000e\000r\000e\000n\000c\000e}{chapter.6}% 121
\BOOKMARK [2][-]{subsection.6.1.1}{\376\377\0006\000.\0001\000.\0001\000\040\000D\000e\000t\000a\000i\000l\000e\000d\000\040\000D\000e\000s\000c\000r\000i\000p\000t\000i\000o\000n}{section.6.1}% 122
\BOOKMARK [2][-]{subsection.6.1.2}{\376\377\0006\000.\0001\000.\0002\000\040\000M\000e\000m\000b\000e\000r\000\040\000D\000a\000t\000a\000\040\000D\000o\000c\000u\000m\000e\000n\000t\000a\000t\000i\000o\000n}{section.6.1}% 123
\BOOKMARK [3][-]{subsubsection.6.1.2.1}{\376\377\0006\000.\0001\000.\0002\000.\0001\000\040\000m\000o\000d\000e}{subsection.6.1.2}% 124
\BOOKMARK [3][-]{subsubsection.6.1.2.2}{\376\377\0006\000.\0001\000.\0002\000.\0002\000\040\000p\000w\000m}{subsection.6.1.2}% 125
\BOOKMARK [3][-]{subsubsection.6.1.2.3}{\376\377\0006\000.\0001\000.\0002\000.\0003\000\040\000s\000p\000e\000e\000d}{subsection.6.1.2}% 126
\BOOKMARK [1][-]{section.6.2}{\376\377\0006\000.\0002\000\040\000v\000e\000c\000\040\000S\000t\000r\000u\000c\000t\000\040\000R\000e\000f\000e\000r\000e\000n\000c\000e}{chapter.6}% 127
\BOOKMARK [2][-]{subsection.6.2.1}{\376\377\0006\000.\0002\000.\0001\000\040\000D\000e\000t\000a\000i\000l\000e\000d\000\040\000D\000e\000s\000c\000r\000i\000p\000t\000i\000o\000n}{section.6.2}% 128
\BOOKMARK [0][-]{chapter.7}{\376\377\0007\000\040\000F\000i\000l\000e\000\040\000D\000o\000c\000u\000m\000e\000n\000t\000a\000t\000i\000o\000n}{}% 129
\BOOKMARK [1][-]{section.7.1}{\376\377\0007\000.\0001\000\040\000c\000o\000n\000t\000r\000o\000l\000l\000e\000r\000.\000c\000p\000p\000\040\000F\000i\000l\000e\000\040\000R\000e\000f\000e\000r\000e\000n\000c\000e}{chapter.7}% 130
\BOOKMARK [2][-]{subsection.7.1.1}{\376\377\0007\000.\0001\000.\0001\000\040\000F\000u\000n\000c\000t\000i\000o\000n\000\040\000D\000o\000c\000u\000m\000e\000n\000t\000a\000t\000i\000o\000n}{section.7.1}% 131
\BOOKMARK [3][-]{subsubsection.7.1.1.1}{\376\377\0007\000.\0001\000.\0001\000.\0001\000\040\000l\000o\000o\000p\000\050\000\051}{subsection.7.1.1}% 132
\BOOKMARK [3][-]{subsubsection.7.1.1.2}{\376\377\0007\000.\0001\000.\0001\000.\0002\000\040\000s\000e\000n\000d\000E\000n\000c\000o\000d\000e\000r\000\050\000\051}{subsection.7.1.1}% 133
\BOOKMARK [3][-]{subsubsection.7.1.1.3}{\376\377\0007\000.\0001\000.\0001\000.\0003\000\040\000s\000e\000t\000u\000p\000\050\000\051}{subsection.7.1.1}% 134
\BOOKMARK [2][-]{subsection.7.1.2}{\376\377\0007\000.\0001\000.\0002\000\040\000V\000a\000r\000i\000a\000b\000l\000e\000\040\000D\000o\000c\000u\000m\000e\000n\000t\000a\000t\000i\000o\000n}{section.7.1}% 135
\BOOKMARK [3][-]{subsubsection.7.1.2.1}{\376\377\0007\000.\0001\000.\0002\000.\0001\000\040\000e\000n\000c\000o\000d\000e\000r\000L\000P\000i\000n\000A}{subsection.7.1.2}% 136
\BOOKMARK [3][-]{subsubsection.7.1.2.2}{\376\377\0007\000.\0001\000.\0002\000.\0002\000\040\000e\000n\000c\000o\000d\000e\000r\000L\000P\000i\000n\000B}{subsection.7.1.2}% 137
\BOOKMARK [3][-]{subsubsection.7.1.2.3}{\376\377\0007\000.\0001\000.\0002\000.\0003\000\040\000e\000n\000c\000o\000d\000e\000r\000R\000P\000i\000n\000A}{subsection.7.1.2}% 138
\BOOKMARK [3][-]{subsubsection.7.1.2.4}{\376\377\0007\000.\0001\000.\0002\000.\0004\000\040\000e\000n\000c\000o\000d\000e\000r\000R\000P\000i\000n\000B}{subsection.7.1.2}% 139
\BOOKMARK [3][-]{subsubsection.7.1.2.5}{\376\377\0007\000.\0001\000.\0002\000.\0005\000\040\000M\000o\000t\000o\000r\000L\000L\000E\000N}{subsection.7.1.2}% 140
\BOOKMARK [3][-]{subsubsection.7.1.2.6}{\376\377\0007\000.\0001\000.\0002\000.\0006\000\040\000M\000o\000t\000o\000r\000L\000L\000P\000W\000M}{subsection.7.1.2}% 141
\BOOKMARK [3][-]{subsubsection.7.1.2.7}{\376\377\0007\000.\0001\000.\0002\000.\0007\000\040\000M\000o\000t\000o\000r\000L\000R\000E\000N}{subsection.7.1.2}% 142
\BOOKMARK [3][-]{subsubsection.7.1.2.8}{\376\377\0007\000.\0001\000.\0002\000.\0008\000\040\000M\000o\000t\000o\000r\000L\000R\000P\000W\000M}{subsection.7.1.2}% 143
\BOOKMARK [3][-]{subsubsection.7.1.2.9}{\376\377\0007\000.\0001\000.\0002\000.\0009\000\040\000M\000o\000t\000o\000r\000R\000L\000E\000N}{subsection.7.1.2}% 144
\BOOKMARK [3][-]{subsubsection.7.1.2.10}{\376\377\0007\000.\0001\000.\0002\000.\0001\0000\000\040\000M\000o\000t\000o\000r\000R\000L\000P\000W\000M}{subsection.7.1.2}% 145
\BOOKMARK [3][-]{subsubsection.7.1.2.11}{\376\377\0007\000.\0001\000.\0002\000.\0001\0001\000\040\000M\000o\000t\000o\000r\000R\000R\000E\000N}{subsection.7.1.2}% 146
\BOOKMARK [3][-]{subsubsection.7.1.2.12}{\376\377\0007\000.\0001\000.\0002\000.\0001\0002\000\040\000M\000o\000t\000o\000r\000R\000R\000P\000W\000M}{subsection.7.1.2}% 147
\BOOKMARK [1][-]{section.7.2}{\376\377\0007\000.\0002\000\040\000l\000u\000t\000.\000h\000\040\000F\000i\000l\000e\000\040\000R\000e\000f\000e\000r\000e\000n\000c\000e}{chapter.7}% 148
\BOOKMARK [2][-]{subsection.7.2.1}{\376\377\0007\000.\0002\000.\0001\000\040\000D\000e\000t\000a\000i\000l\000e\000d\000\040\000D\000e\000s\000c\000r\000i\000p\000t\000i\000o\000n}{section.7.2}% 149
\BOOKMARK [1][-]{section.7.3}{\376\377\0007\000.\0003\000\040\000l\000u\000t\000.\000h}{chapter.7}% 150
\BOOKMARK [1][-]{section.7.4}{\376\377\0007\000.\0004\000\040\000R\000E\000A\000D\000M\000E\000.\000m\000d\000\040\000F\000i\000l\000e\000\040\000R\000e\000f\000e\000r\000e\000n\000c\000e}{chapter.7}% 151
